<?xml version="1.0" encoding="UTF-8"?>
<!-- Generated by org.testng.reporters.JUnitReportReporter -->
<testsuite hostname="DESKTOP-FEQ3OA0" failures="0" tests="3" name="libraryAPIProject.Library" time="2.433" errors="0" timestamp="2023-03-20T21:44:38 IST" skipped="0">
  <testcase classname="libraryAPIProject.Library" name="addBook" time="2.141"/>
  <system-out/>
  <testcase classname="libraryAPIProject.Library" name="addBook" time="0.139"/>
  <system-out/>
  <testcase classname="libraryAPIProject.Library" name="addBook" time="0.153"/>
  <system-out/>
</testsuite> <!-- libraryAPIProject.Library -->
