<?xml version="1.0" encoding="UTF-8"?>
<!-- Generated by org.testng.reporters.JUnitReportReporter -->
<testsuite hostname="DESKTOP-FEQ3OA0" failures="0" tests="1" name="TC001" time="3.477" errors="0" timestamp="2022-12-11T18:34:25 IST" skipped="0">
  <testcase classname="TC001" name="getDetails" time="3.477"/>
  <system-out/>
</testsuite> <!-- TC001 -->
